<?xml version="1.0" encoding="utf-8"?>
<TestRun id="c3e9384d-9848-4f9a-aafc-2798b982de23" name="sugandhika@DESKTOP-CVD2E62 2024-07-04 00:48:12" runUser="DESKTOP-CVD2E62\sugandhika" xmlns="http://microsoft.com/schemas/VisualStudio/TeamTest/2010">
  <Times creation="2024-07-04T00:48:12.1670689+05:30" queuing="2024-07-04T00:48:12.1670692+05:30" start="2024-07-04T00:48:10.1551598+05:30" finish="2024-07-04T00:48:12.1798624+05:30" />
  <TestSettings name="default" id="69b24d9e-e9ae-4092-a7e7-f80e400c022c">
    <Deployment runDeploymentRoot="sugandhika_DESKTOP-CVD2E62_2024-07-04_00_48_12" />
  </TestSettings>
  <Results>
    <UnitTestResult executionId="db564826-b528-4570-86b8-16f13295ff48" testId="d328a404-17e2-7a49-3f29-251e744ef6a9" testName="RestAssuredApiProject.ApiTest.Controllers.RestAssuredApiTests.CallGetObjectById" computerName="DESKTOP-CVD2E62" duration="00:00:00.0042967" startTime="2024-07-04T00:48:11.2059867+05:30" endTime="2024-07-04T00:48:11.2059873+05:30" testType="13cdc9d9-ddb5-4fa4-a97d-d965ccfc6d4b" outcome="Passed" testListId="8c84fa94-04c1-424b-9868-57a2d4851a1d" relativeResultsDirectory="db564826-b528-4570-86b8-16f13295ff48" />
    <UnitTestResult executionId="1f9b8d13-7ffd-40d8-86f5-a208106685db" testId="e20f593f-b7cd-f524-85ff-792ff151d2bf" testName="RestAssuredApiProject.ApiTest.Controllers.RestAssuredApiTests.CallDeleteObject" computerName="DESKTOP-CVD2E62" duration="00:00:00.0016059" startTime="2024-07-04T00:48:11.2077621+05:30" endTime="2024-07-04T00:48:11.2077643+05:30" testType="13cdc9d9-ddb5-4fa4-a97d-d965ccfc6d4b" outcome="Passed" testListId="8c84fa94-04c1-424b-9868-57a2d4851a1d" relativeResultsDirectory="1f9b8d13-7ffd-40d8-86f5-a208106685db" />
    <UnitTestResult executionId="0ef1a216-bf4d-4da2-9136-943dbfc724cd" testId="569c2796-77bd-cb20-9f90-281b4ff4fa09" testName="RestAssuredApiProject.ApiTest.Controllers.RestAssuredApiTests.AddObjectPost" computerName="DESKTOP-CVD2E62" duration="00:00:00.0032206" startTime="2024-07-04T00:48:11.2043052+05:30" endTime="2024-07-04T00:48:11.2043055+05:30" testType="13cdc9d9-ddb5-4fa4-a97d-d965ccfc6d4b" outcome="Passed" testListId="8c84fa94-04c1-424b-9868-57a2d4851a1d" relativeResultsDirectory="0ef1a216-bf4d-4da2-9136-943dbfc724cd" />
    <UnitTestResult executionId="51a6edd9-1bba-4641-977e-9834df2b2e76" testId="2c68b9cf-0fd3-6c08-37c9-0983dee558ec" testName="RestAssuredApiProject.ApiTest.Controllers.RestAssuredApiTests.CallUpdateObject" computerName="DESKTOP-CVD2E62" duration="00:00:00.0629485" startTime="2024-07-04T00:48:11.1991043+05:30" endTime="2024-07-04T00:48:11.1991412+05:30" testType="13cdc9d9-ddb5-4fa4-a97d-d965ccfc6d4b" outcome="Passed" testListId="8c84fa94-04c1-424b-9868-57a2d4851a1d" relativeResultsDirectory="51a6edd9-1bba-4641-977e-9834df2b2e76" />
    <UnitTestResult executionId="69753e8a-1c58-47b4-8bb4-f345b2513bd0" testId="77ac0e4f-afc7-94bd-8963-e528dcfc52b0" testName="RestAssuredApiProject.ApiTest.Controllers.RestAssuredApiTests.Get_RestAssured_Info" computerName="DESKTOP-CVD2E62" duration="00:00:00.6960959" startTime="2024-07-04T00:48:11.9113561+05:30" endTime="2024-07-04T00:48:11.9113566+05:30" testType="13cdc9d9-ddb5-4fa4-a97d-d965ccfc6d4b" outcome="Passed" testListId="8c84fa94-04c1-424b-9868-57a2d4851a1d" relativeResultsDirectory="69753e8a-1c58-47b4-8bb4-f345b2513bd0" />
  </Results>
  <TestDefinitions>
    <UnitTest name="RestAssuredApiProject.ApiTest.Controllers.RestAssuredApiTests.CallDeleteObject" storage="g:\xunitapi\regexapitest\bin\debug\net9.0\regexapitest.dll" id="e20f593f-b7cd-f524-85ff-792ff151d2bf">
      <Execution id="1f9b8d13-7ffd-40d8-86f5-a208106685db" />
      <TestMethod codeBase="G:\xUnitApi\RegExApiTest\bin\Debug\net9.0\RegExApiTest.dll" adapterTypeName="executor://xunit/VsTestRunner2/netcoreapp" className="RestAssuredApiProject.ApiTest.Controllers.RestAssuredApiTests" name="CallDeleteObject" />
    </UnitTest>
    <UnitTest name="RestAssuredApiProject.ApiTest.Controllers.RestAssuredApiTests.Get_RestAssured_Info" storage="g:\xunitapi\regexapitest\bin\debug\net9.0\regexapitest.dll" id="77ac0e4f-afc7-94bd-8963-e528dcfc52b0">
      <Execution id="69753e8a-1c58-47b4-8bb4-f345b2513bd0" />
      <TestMethod codeBase="G:\xUnitApi\RegExApiTest\bin\Debug\net9.0\RegExApiTest.dll" adapterTypeName="executor://xunit/VsTestRunner2/netcoreapp" className="RestAssuredApiProject.ApiTest.Controllers.RestAssuredApiTests" name="Get_RestAssured_Info" />
    </UnitTest>
    <UnitTest name="RestAssuredApiProject.ApiTest.Controllers.RestAssuredApiTests.CallUpdateObject" storage="g:\xunitapi\regexapitest\bin\debug\net9.0\regexapitest.dll" id="2c68b9cf-0fd3-6c08-37c9-0983dee558ec">
      <Execution id="51a6edd9-1bba-4641-977e-9834df2b2e76" />
      <TestMethod codeBase="G:\xUnitApi\RegExApiTest\bin\Debug\net9.0\RegExApiTest.dll" adapterTypeName="executor://xunit/VsTestRunner2/netcoreapp" className="RestAssuredApiProject.ApiTest.Controllers.RestAssuredApiTests" name="CallUpdateObject" />
    </UnitTest>
    <UnitTest name="RestAssuredApiProject.ApiTest.Controllers.RestAssuredApiTests.CallGetObjectById" storage="g:\xunitapi\regexapitest\bin\debug\net9.0\regexapitest.dll" id="d328a404-17e2-7a49-3f29-251e744ef6a9">
      <Execution id="db564826-b528-4570-86b8-16f13295ff48" />
      <TestMethod codeBase="G:\xUnitApi\RegExApiTest\bin\Debug\net9.0\RegExApiTest.dll" adapterTypeName="executor://xunit/VsTestRunner2/netcoreapp" className="RestAssuredApiProject.ApiTest.Controllers.RestAssuredApiTests" name="CallGetObjectById" />
    </UnitTest>
    <UnitTest name="RestAssuredApiProject.ApiTest.Controllers.RestAssuredApiTests.AddObjectPost" storage="g:\xunitapi\regexapitest\bin\debug\net9.0\regexapitest.dll" id="569c2796-77bd-cb20-9f90-281b4ff4fa09">
      <Execution id="0ef1a216-bf4d-4da2-9136-943dbfc724cd" />
      <TestMethod codeBase="G:\xUnitApi\RegExApiTest\bin\Debug\net9.0\RegExApiTest.dll" adapterTypeName="executor://xunit/VsTestRunner2/netcoreapp" className="RestAssuredApiProject.ApiTest.Controllers.RestAssuredApiTests" name="AddObjectPost" />
    </UnitTest>
  </TestDefinitions>
  <TestEntries>
    <TestEntry testId="d328a404-17e2-7a49-3f29-251e744ef6a9" executionId="db564826-b528-4570-86b8-16f13295ff48" testListId="8c84fa94-04c1-424b-9868-57a2d4851a1d" />
    <TestEntry testId="e20f593f-b7cd-f524-85ff-792ff151d2bf" executionId="1f9b8d13-7ffd-40d8-86f5-a208106685db" testListId="8c84fa94-04c1-424b-9868-57a2d4851a1d" />
    <TestEntry testId="569c2796-77bd-cb20-9f90-281b4ff4fa09" executionId="0ef1a216-bf4d-4da2-9136-943dbfc724cd" testListId="8c84fa94-04c1-424b-9868-57a2d4851a1d" />
    <TestEntry testId="2c68b9cf-0fd3-6c08-37c9-0983dee558ec" executionId="51a6edd9-1bba-4641-977e-9834df2b2e76" testListId="8c84fa94-04c1-424b-9868-57a2d4851a1d" />
    <TestEntry testId="77ac0e4f-afc7-94bd-8963-e528dcfc52b0" executionId="69753e8a-1c58-47b4-8bb4-f345b2513bd0" testListId="8c84fa94-04c1-424b-9868-57a2d4851a1d" />
  </TestEntries>
  <TestLists>
    <TestList name="Results Not in a List" id="8c84fa94-04c1-424b-9868-57a2d4851a1d" />
    <TestList name="All Loaded Results" id="19431567-8539-422a-85d7-44ee4e166bda" />
  </TestLists>
  <ResultSummary outcome="Completed">
    <Counters total="5" executed="5" passed="5" failed="0" error="0" timeout="0" aborted="0" inconclusive="0" passedButRunAborted="0" notRunnable="0" notExecuted="0" disconnected="0" warning="0" completed="0" inProgress="0" pending="0" />
    <Output>
      <StdOut>[xUnit.net 00:00:00.00] xUnit.net VSTest Adapter v2.8.1+ce9211e970 (64-bit .NET 9.0.0-preview.5.24306.7)&#xD;
[xUnit.net 00:00:00.16]   Discovering: RegExApiTest&#xD;
[xUnit.net 00:00:00.26]   Discovered:  RegExApiTest&#xD;
[xUnit.net 00:00:00.26]   Starting:    RegExApiTest&#xD;
Error updating object: Error updating object with ID 1.&#xD;
Error fetching object: Error fetching object with ID 1.&#xD;
Error deleting object: Error deleting object with ID 1.&#xD;
Google Pixel 6 Pro&#xD;
[xUnit.net 00:00:01.16]   Finished:    RegExApiTest&#xD;
</StdOut>
    </Output>
  </ResultSummary>
</TestRun>